f:\windows\vj\exopengl3\2dgame\01-tbe\01-tbe\debug\vc120.pdb
f:\windows\vj\exopengl3\2dgame\01-tbe\01-tbe\debug\vc120.idb
f:\windows\vj\exopengl3\2dgame\01-tbe\01-tbe\debug\game.obj
f:\windows\vj\exopengl3\2dgame\01-tbe\01-tbe\debug\main.obj
f:\windows\vj\exopengl3\2dgame\01-tbe\01-tbe\debug\scene.obj
f:\windows\vj\exopengl3\2dgame\01-tbe\01-tbe\debug\shader.obj
f:\windows\vj\exopengl3\2dgame\01-tbe\01-tbe\debug\shaderprogram.obj
f:\windows\vj\exopengl3\2dgame\01-tbe\01-tbe\debug\texture.obj
f:\windows\vj\exopengl3\2dgame\01-tbe\01-tbe\debug\tilemap.obj
f:\windows\vj\exopengl3\2dgame\01-tbe\01-tbe\debug\quad.obj
f:\windows\vj\exopengl3\2dgame\01-tbe\01-tbe\debug\texturedquad.obj
f:\windows\vj\exopengl3\2dgame\01-tbe\debug\01-tbe.ilk
f:\windows\vj\exopengl3\2dgame\01-tbe\debug\01-tbe.exe
f:\windows\vj\exopengl3\2dgame\01-tbe\debug\01-tbe.pdb
f:\windows\vj\exopengl3\2dgame\01-tbe\01-tbe\debug\01-tbe.tlog\cl.read.1.tlog
f:\windows\vj\exopengl3\2dgame\01-tbe\01-tbe\debug\01-tbe.tlog\cl.write.1.tlog
f:\windows\vj\exopengl3\2dgame\01-tbe\01-tbe\debug\01-tbe.tlog\cl.command.1.tlog
f:\windows\vj\exopengl3\2dgame\01-tbe\01-tbe\debug\01-tbe.tlog\link.read.1.tlog
f:\windows\vj\exopengl3\2dgame\01-tbe\01-tbe\debug\01-tbe.tlog\link.write.1.tlog
f:\windows\vj\exopengl3\2dgame\01-tbe\01-tbe\debug\01-tbe.tlog\link.command.1.tlog
