f:\puzzlebobble\puzzlebobble\2dgame\puzzlebobble\02-bubble\release\02-bubble.exe
f:\puzzlebobble\puzzlebobble\2dgame\puzzlebobble\02-bubble\release\02-bubble.pdb
f:\puzzlebobble\puzzlebobble\2dgame\puzzlebobble\02-bubble\release\vc120.pdb
f:\puzzlebobble\puzzlebobble\2dgame\puzzlebobble\02-bubble\release\tilemap.obj
f:\puzzlebobble\puzzlebobble\2dgame\puzzlebobble\02-bubble\release\texturedquad.obj
f:\puzzlebobble\puzzlebobble\2dgame\puzzlebobble\02-bubble\release\texture.obj
f:\puzzlebobble\puzzlebobble\2dgame\puzzlebobble\02-bubble\release\text.obj
f:\puzzlebobble\puzzlebobble\2dgame\puzzlebobble\02-bubble\release\sprite.obj
f:\puzzlebobble\puzzlebobble\2dgame\puzzlebobble\02-bubble\release\dino.obj
f:\puzzlebobble\puzzlebobble\2dgame\puzzlebobble\02-bubble\release\shaderprogram.obj
f:\puzzlebobble\puzzlebobble\2dgame\puzzlebobble\02-bubble\release\shader.obj
f:\puzzlebobble\puzzlebobble\2dgame\puzzlebobble\02-bubble\release\scene.obj
f:\puzzlebobble\puzzlebobble\2dgame\puzzlebobble\02-bubble\release\quad.obj
f:\puzzlebobble\puzzlebobble\2dgame\puzzlebobble\02-bubble\release\player.obj
f:\puzzlebobble\puzzlebobble\2dgame\puzzlebobble\02-bubble\release\menu.obj
f:\puzzlebobble\puzzlebobble\2dgame\puzzlebobble\02-bubble\release\main.obj
f:\puzzlebobble\puzzlebobble\2dgame\puzzlebobble\02-bubble\release\instructions.obj
f:\puzzlebobble\puzzlebobble\2dgame\puzzlebobble\02-bubble\release\game.obj
f:\puzzlebobble\puzzlebobble\2dgame\puzzlebobble\02-bubble\release\credits.obj
f:\puzzlebobble\puzzlebobble\2dgame\puzzlebobble\02-bubble\release\bolamapa.obj
f:\puzzlebobble\puzzlebobble\2dgame\puzzlebobble\02-bubble\release\arrow.obj
f:\puzzlebobble\puzzlebobble\2dgame\puzzlebobble\02-bubble\release\vc141.pdb
f:\puzzlebobble\puzzlebobble\2dgame\puzzlebobble\02-bubble\release\02-bubble.tlog\cl.command.1.tlog
f:\puzzlebobble\puzzlebobble\2dgame\puzzlebobble\02-bubble\release\02-bubble.tlog\link.read.1.tlog
f:\puzzlebobble\puzzlebobble\2dgame\puzzlebobble\02-bubble\release\02-bubble.tlog\link.write.1.tlog
f:\puzzlebobble\puzzlebobble\2dgame\puzzlebobble\02-bubble\release\02-bubble.tlog\link.command.1.tlog
f:\puzzlebobble\puzzlebobble\2dgame\puzzlebobble\02-bubble\release\02-bubble.tlog\cl.write.1.tlog
f:\puzzlebobble\puzzlebobble\2dgame\puzzlebobble\02-bubble\release\02-bubble.tlog\cl.read.1.tlog
