  Arrow.cpp
c:\users\vimar\desktop\puzzlebobble\puzzlebobble\2dgame\puzzlebobble\02-bubble\TileMap.h(11): fatal error C1083: No se puede abrir el archivo incluir: 'irrKlang.h': No such file or directory
  BolaMapa.cpp
c:\users\vimar\desktop\puzzlebobble\puzzlebobble\2dgame\puzzlebobble\02-bubble\TileMap.h(11): fatal error C1083: No se puede abrir el archivo incluir: 'irrKlang.h': No such file or directory
  Credits.cpp
c:\users\vimar\desktop\puzzlebobble\puzzlebobble\2dgame\puzzlebobble\02-bubble\Text.h(9): fatal error C1083: No se puede abrir el archivo incluir: 'ft2build.h': No such file or directory
  Game.cpp
c:\users\vimar\desktop\puzzlebobble\puzzlebobble\2dgame\puzzlebobble\02-bubble\TileMap.h(11): fatal error C1083: No se puede abrir el archivo incluir: 'irrKlang.h': No such file or directory
  Instructions.cpp
c:\users\vimar\desktop\puzzlebobble\puzzlebobble\2dgame\puzzlebobble\02-bubble\Text.h(9): fatal error C1083: No se puede abrir el archivo incluir: 'ft2build.h': No such file or directory
  main.cpp
c:\users\vimar\desktop\puzzlebobble\puzzlebobble\2dgame\puzzlebobble\02-bubble\TileMap.h(11): fatal error C1083: No se puede abrir el archivo incluir: 'irrKlang.h': No such file or directory
  Menu.cpp
c:\users\vimar\desktop\puzzlebobble\puzzlebobble\2dgame\puzzlebobble\02-bubble\Text.h(9): fatal error C1083: No se puede abrir el archivo incluir: 'ft2build.h': No such file or directory
  Player.cpp
c:\users\vimar\desktop\puzzlebobble\puzzlebobble\2dgame\puzzlebobble\02-bubble\TileMap.h(11): fatal error C1083: No se puede abrir el archivo incluir: 'irrKlang.h': No such file or directory
  Quad.cpp
  Scene.cpp
c:\users\vimar\desktop\puzzlebobble\puzzlebobble\2dgame\puzzlebobble\02-bubble\TileMap.h(11): fatal error C1083: No se puede abrir el archivo incluir: 'irrKlang.h': No such file or directory
  Shader.cpp
  ShaderProgram.cpp
  Dino.cpp
c:\users\vimar\desktop\puzzlebobble\puzzlebobble\2dgame\puzzlebobble\02-bubble\TileMap.h(11): fatal error C1083: No se puede abrir el archivo incluir: 'irrKlang.h': No such file or directory
  Sprite.cpp
  Text.cpp
c:\users\vimar\desktop\puzzlebobble\puzzlebobble\2dgame\puzzlebobble\02-bubble\Text.h(9): fatal error C1083: No se puede abrir el archivo incluir: 'ft2build.h': No such file or directory
  Texture.cpp
  TexturedQuad.cpp
  TileMap.cpp
c:\users\vimar\desktop\puzzlebobble\puzzlebobble\2dgame\puzzlebobble\02-bubble\TileMap.h(11): fatal error C1083: No se puede abrir el archivo incluir: 'irrKlang.h': No such file or directory
