c:\users\vimar\desktop\puzzlebobble\puzzlebobble\2dgame\puzzlebobble\02-bubble\debug\vc141.pdb
c:\users\vimar\desktop\puzzlebobble\puzzlebobble\2dgame\puzzlebobble\02-bubble\debug\vc141.idb
c:\users\vimar\desktop\puzzlebobble\puzzlebobble\2dgame\puzzlebobble\02-bubble\debug\quad.obj
c:\users\vimar\desktop\puzzlebobble\puzzlebobble\2dgame\puzzlebobble\02-bubble\debug\shader.obj
c:\users\vimar\desktop\puzzlebobble\puzzlebobble\2dgame\puzzlebobble\02-bubble\debug\shaderprogram.obj
c:\users\vimar\desktop\puzzlebobble\puzzlebobble\2dgame\puzzlebobble\02-bubble\debug\sprite.obj
c:\users\vimar\desktop\puzzlebobble\puzzlebobble\2dgame\puzzlebobble\02-bubble\debug\texture.obj
c:\users\vimar\desktop\puzzlebobble\puzzlebobble\2dgame\puzzlebobble\02-bubble\debug\texturedquad.obj
c:\users\vimar\desktop\puzzlebobble\puzzlebobble\2dgame\puzzlebobble\02-bubble\debug\tilemap.obj
c:\users\vimar\desktop\puzzlebobble\puzzlebobble\2dgame\puzzlebobble\02-bubble\debug\arrow.obj
c:\users\vimar\desktop\puzzlebobble\puzzlebobble\2dgame\puzzlebobble\02-bubble\debug\bolamapa.obj
c:\users\vimar\desktop\puzzlebobble\puzzlebobble\2dgame\puzzlebobble\02-bubble\debug\game.obj
c:\users\vimar\desktop\puzzlebobble\puzzlebobble\2dgame\puzzlebobble\02-bubble\debug\player.obj
c:\users\vimar\desktop\puzzlebobble\puzzlebobble\2dgame\puzzlebobble\02-bubble\debug\scene.obj
c:\users\vimar\desktop\puzzlebobble\puzzlebobble\2dgame\puzzlebobble\02-bubble\debug\main.obj
c:\users\vimar\desktop\puzzlebobble\puzzlebobble\2dgame\puzzlebobble\02-bubble\debug\text.obj
c:\users\vimar\desktop\puzzlebobble\puzzlebobble\2dgame\puzzlebobble\02-bubble\debug\scene.obj.enc
c:\users\vimar\desktop\puzzlebobble\puzzlebobble\2dgame\puzzlebobble\02-bubble\debug\tilemap.obj.enc
c:\users\vimar\desktop\puzzlebobble\puzzlebobble\2dgame\puzzlebobble\02-bubble\debug\lnk{502adebc-1b05-4b89-bcb5-584df8bf7e70}.tmp
c:\users\vimar\desktop\puzzlebobble\puzzlebobble\2dgame\puzzlebobble\02-bubble\debug\lnk{9e0bb717-21c0-4fb1-b7c3-89408b44c4a5}.tmp
c:\users\vimar\desktop\puzzlebobble\puzzlebobble\2dgame\puzzlebobble\02-bubble\debug\vc140.idb
c:\users\vimar\desktop\puzzlebobble\puzzlebobble\2dgame\puzzlebobble\02-bubble\debug\02-bubble.pdb
c:\users\vimar\desktop\puzzlebobble\puzzlebobble\2dgame\puzzlebobble\02-bubble\debug\02-bubble.tlog\cl.command.1.tlog
c:\users\vimar\desktop\puzzlebobble\puzzlebobble\2dgame\puzzlebobble\02-bubble\debug\02-bubble.tlog\cl.read.1.tlog
c:\users\vimar\desktop\puzzlebobble\puzzlebobble\2dgame\puzzlebobble\02-bubble\debug\02-bubble.tlog\cl.write.1.tlog
c:\users\vimar\desktop\puzzlebobble\puzzlebobble\2dgame\puzzlebobble\02-bubble\debug\02-bubble.tlog\link-cvtres.read.1.tlog
c:\users\vimar\desktop\puzzlebobble\puzzlebobble\2dgame\puzzlebobble\02-bubble\debug\02-bubble.tlog\link-cvtres.write.1.tlog
c:\users\vimar\desktop\puzzlebobble\puzzlebobble\2dgame\puzzlebobble\02-bubble\debug\02-bubble.tlog\link-rc.read.1.tlog
c:\users\vimar\desktop\puzzlebobble\puzzlebobble\2dgame\puzzlebobble\02-bubble\debug\02-bubble.tlog\link-rc.write.1.tlog
c:\users\vimar\desktop\puzzlebobble\puzzlebobble\2dgame\puzzlebobble\02-bubble\debug\02-bubble.tlog\link.command.1.tlog
c:\users\vimar\desktop\puzzlebobble\puzzlebobble\2dgame\puzzlebobble\02-bubble\debug\02-bubble.tlog\link.delete.1.tlog
c:\users\vimar\desktop\puzzlebobble\puzzlebobble\2dgame\puzzlebobble\02-bubble\debug\02-bubble.tlog\link.read.1.tlog
c:\users\vimar\desktop\puzzlebobble\puzzlebobble\2dgame\puzzlebobble\02-bubble\debug\02-bubble.tlog\link.write.1.tlog
