  TileMap.cpp
c:\users\victor\desktop\puzzlebobble\puzzlebobble\2dgame\puzzlebobble\02-bubble\tilemap.cpp(247): warning C4244: 'initializing': conversion from 'float' to 'int', possible loss of data
c:\users\victor\desktop\puzzlebobble\puzzlebobble\2dgame\puzzlebobble\02-bubble\tilemap.cpp(248): warning C4244: 'initializing': conversion from 'float' to 'int', possible loss of data
c:\users\victor\desktop\puzzlebobble\puzzlebobble\2dgame\puzzlebobble\02-bubble\tilemap.cpp(256): warning C4244: 'argument': conversion from 'float' to 'int', possible loss of data
c:\users\victor\desktop\puzzlebobble\puzzlebobble\2dgame\puzzlebobble\02-bubble\tilemap.cpp(291): warning C4244: 'initializing': conversion from 'float' to 'int', possible loss of data
c:\users\victor\desktop\puzzlebobble\puzzlebobble\2dgame\puzzlebobble\02-bubble\tilemap.cpp(292): warning C4244: 'initializing': conversion from 'float' to 'int', possible loss of data
c:\users\victor\desktop\puzzlebobble\puzzlebobble\2dgame\puzzlebobble\02-bubble\tilemap.cpp(423): warning C4018: '<': signed/unsigned mismatch
  Scene.cpp
c:\users\victor\desktop\puzzlebobble\puzzlebobble\2dgame\puzzlebobble\02-bubble\scene.cpp(46): warning C4244: 'argument': conversion from 'time_t' to 'unsigned int', possible loss of data
c:\users\victor\desktop\puzzlebobble\puzzlebobble\2dgame\puzzlebobble\02-bubble\scene.cpp(135): warning C4244: 'initializing': conversion from 'double' to 'float', possible loss of data
c:\users\victor\desktop\puzzlebobble\puzzlebobble\2dgame\puzzlebobble\02-bubble\scene.cpp(136): warning C4244: 'initializing': conversion from 'double' to 'float', possible loss of data
  Generating Code...
  Compiling...
  main.cpp
c:\users\victor\desktop\puzzlebobble\puzzlebobble\2dgame\puzzlebobble\02-bubble\main.cpp(90): warning C4244: 'argument': conversion from 'float' to 'int', possible loss of data
  Player.cpp
c:\users\victor\desktop\puzzlebobble\puzzlebobble\2dgame\puzzlebobble\02-bubble\player.cpp(52): warning C4244: '=': conversion from 'double' to 'float', possible loss of data
  Game.cpp
  BolaMapa.cpp
  Arrow.cpp
  Generating Code...
SOIL.lib(image_DXT.obj) : warning LNK4099: PDB 'vc100.pdb' was not found with 'SOIL.lib(image_DXT.obj)' or at 'C:\Users\Victor\Desktop\puzzleBobble\puzzleBobble\2DGame\puzzleBobble\02-Bubble\Debug\vc100.pdb'; linking object as if no debug info
SOIL.lib(image_helper.obj) : warning LNK4099: PDB 'vc100.pdb' was not found with 'SOIL.lib(image_helper.obj)' or at 'C:\Users\Victor\Desktop\puzzleBobble\puzzleBobble\2DGame\puzzleBobble\02-Bubble\Debug\vc100.pdb'; linking object as if no debug info
SOIL.lib(SOIL.obj) : warning LNK4099: PDB 'vc100.pdb' was not found with 'SOIL.lib(SOIL.obj)' or at 'C:\Users\Victor\Desktop\puzzleBobble\puzzleBobble\2DGame\puzzleBobble\02-Bubble\Debug\vc100.pdb'; linking object as if no debug info
SOIL.lib(stb_image_aug.obj) : warning LNK4099: PDB 'vc100.pdb' was not found with 'SOIL.lib(stb_image_aug.obj)' or at 'C:\Users\Victor\Desktop\puzzleBobble\puzzleBobble\2DGame\puzzleBobble\02-Bubble\Debug\vc100.pdb'; linking object as if no debug info
  02-Bubble.vcxproj -> C:\Users\Victor\Desktop\puzzleBobble\puzzleBobble\2DGame\puzzleBobble\02-Bubble\Debug\02-Bubble.exe
