Build started 27/09/2017 16:00:37.
     1>Project "F:\windows\VJ\ExOpenGL3\OpenGL\03-uniforms\03-uniforms\03-uniforms.vcxproj" on node 2 (Build target(s)).
     1>ClCompile:
         C:\Archivos de programa\Microsoft Visual Studio 2013 Professional\VC\bin\CL.exe /c /I..\..\..\libs\freeglut\include /I"..\..\..\libs\glew-1.13.0\include" /ZI /nologo /W3 /WX- /Od /Oy- /D WIN32 /D _DEBUG /D _CONSOLE /D _LIB /D _UNICODE /D UNICODE /Gm /EHsc /RTC1 /MDd /GS /fp:precise /Zc:wchar_t /Zc:forScope /Fo"Debug\\" /Fd"Debug\vc120.pdb" /Gd /TP /analyze- /errorReport:prompt Game.cpp Scene.cpp main.cpp
         main.cpp
         Scene.cpp
         Generating Code...
         Compiling...
         Game.cpp
         Generating Code...
       Link:
         C:\Archivos de programa\Microsoft Visual Studio 2013 Professional\VC\bin\link.exe /ERRORREPORT:PROMPT /OUT:"F:\windows\VJ\ExOpenGL3\OpenGL\03-uniforms\Debug\03-uniforms.exe" /INCREMENTAL /NOLOGO /LIBPATH:..\..\..\libs\freeglut\lib /LIBPATH:"..\..\..\libs\glew-1.13.0\lib\Release\Win32" glew32.lib kernel32.lib user32.lib gdi32.lib winspool.lib comdlg32.lib advapi32.lib shell32.lib ole32.lib oleaut32.lib uuid.lib odbc32.lib odbccp32.lib /MANIFEST /MANIFESTUAC:"level='asInvoker' uiAccess='false'" /manifest:embed /DEBUG /PDB:"F:\windows\VJ\ExOpenGL3\OpenGL\03-uniforms\Debug\03-uniforms.pdb" /SUBSYSTEM:CONSOLE /TLBID:1 /DYNAMICBASE /NXCOMPAT /IMPLIB:"F:\windows\VJ\ExOpenGL3\OpenGL\03-uniforms\Debug\03-uniforms.lib" /MACHINE:X86 Debug\Game.obj
         Debug\main.obj
         Debug\Quad.obj
         Debug\Scene.obj
         Debug\Shader.obj
         Debug\ShaderProgram.obj
         03-uniforms.vcxproj -> F:\windows\VJ\ExOpenGL3\OpenGL\03-uniforms\Debug\03-uniforms.exe
     1>Done Building Project "F:\windows\VJ\ExOpenGL3\OpenGL\03-uniforms\03-uniforms\03-uniforms.vcxproj" (Build target(s)).

Build succeeded.

Time Elapsed 00:00:05.99
